Added Component: Designator=C1(0805)
Add component. Clean all parameters for all variants
Added Component: Designator=C2(0805)
Add component. Clean all parameters for all variants
Added Component: Designator=C3(0805)
Add component. Clean all parameters for all variants
Added Component: Designator=C4(0805)
Add component. Clean all parameters for all variants
Added Component: Designator=C5(0805)
Add component. Clean all parameters for all variants
Added Component: Designator=C6(0805)
Add component. Clean all parameters for all variants
Added Component: Designator=C7(0805)
Add component. Clean all parameters for all variants
Added Component: Designator=C8(0805)
Add component. Clean all parameters for all variants
Added Component: Designator=C9(0805)
Add component. Clean all parameters for all variants
Added Component: Designator=C10(0805)
Add component. Clean all parameters for all variants
Added Component: Designator=C11(0805)
Add component. Clean all parameters for all variants
Added Component: Designator=C12(0805)
Add component. Clean all parameters for all variants
Added Component: Designator=C13(0805)
Add component. Clean all parameters for all variants
Added Component: Designator=J1(PIN-4-2.54-1.0)
Add component. Clean all parameters for all variants
Added Component: Designator=J2(PIN-3-2.54-1.0)
Add component. Clean all parameters for all variants
Added Component: Designator=LED1(LED-0805)
Add component. Clean all parameters for all variants
Added Component: Designator=LED2(LED-0805)
Add component. Clean all parameters for all variants
Added Component: Designator=R1(0805)
Add component. Clean all parameters for all variants
Added Component: Designator=R2(0805)
Add component. Clean all parameters for all variants
Added Component: Designator=R3(0805)
Add component. Clean all parameters for all variants
Added Component: Designator=R4(0805)
Add component. Clean all parameters for all variants
Added Component: Designator=R5(0805)
Add component. Clean all parameters for all variants
Added Component: Designator=S1(按键开关)
Add component. Clean all parameters for all variants
Added Component: Designator=U1(稳压ME6211-3.3)
Add component. Clean all parameters for all variants
Added Component: Designator=U2(GPS)
Add component. Clean all parameters for all variants
Added Component: Designator=U3(QFP-48-0.5)
Add component. Clean all parameters for all variants
Added Component: Designator=U4(NRF24L01)
Add component. Clean all parameters for all variants
Added Component: Designator=U5(OLED)
Add component. Clean all parameters for all variants
Added Component: Designator=X1(38k晶振)
Add component. Clean all parameters for all variants
Added Component: Designator=X2(晶振1)
Add component. Clean all parameters for all variants
Added Pin To Net: NetName=+5 Pin=C1-1
Added Pin To Net: NetName=+5 Pin=C2-1
Added Pin To Net: NetName=+5 Pin=U1-5
Added Net: Name=+5
Added Pin To Net: NetName=BOOT0 Pin=R4-2
Added Pin To Net: NetName=BOOT0 Pin=U3-44
Added Net: Name=BOOT0
Added Pin To Net: NetName=BOOT1 Pin=R5-2
Added Pin To Net: NetName=BOOT1 Pin=U3-20
Added Net: Name=BOOT1
Added Pin To Net: NetName=GND Pin=C1-2
Added Pin To Net: NetName=GND Pin=C2-2
Added Pin To Net: NetName=GND Pin=C3-2
Added Pin To Net: NetName=GND Pin=C4-2
Added Pin To Net: NetName=GND Pin=C5-2
Added Pin To Net: NetName=GND Pin=C6-2
Added Pin To Net: NetName=GND Pin=C7-2
Added Pin To Net: NetName=GND Pin=C8-2
Added Pin To Net: NetName=GND Pin=C9-2
Added Pin To Net: NetName=GND Pin=C10-1
Added Pin To Net: NetName=GND Pin=C11-1
Added Pin To Net: NetName=GND Pin=C12-1
Added Pin To Net: NetName=GND Pin=C13-1
Added Pin To Net: NetName=GND Pin=J1-1
Added Pin To Net: NetName=GND Pin=J2-3
Added Pin To Net: NetName=GND Pin=R2-1
Added Pin To Net: NetName=GND Pin=R4-1
Added Pin To Net: NetName=GND Pin=R5-1
Added Pin To Net: NetName=GND Pin=S1-1
Added Pin To Net: NetName=GND Pin=S1-1
Added Pin To Net: NetName=GND Pin=U2-4
Added Pin To Net: NetName=GND Pin=U3-8
Added Pin To Net: NetName=GND Pin=U3-23
Added Pin To Net: NetName=GND Pin=U3-35
Added Pin To Net: NetName=GND Pin=U3-47
Added Pin To Net: NetName=GND Pin=U4-1
Added Pin To Net: NetName=GND Pin=U5-4
Added Net: Name=GND
Added Pin To Net: NetName=NetC6_1 Pin=C6-1
Added Net: Name=NetC6_1
Added Pin To Net: NetName=NetLED1_2 Pin=LED1-2
Added Pin To Net: NetName=NetLED1_2 Pin=R2-2
Added Net: Name=NetLED1_2
Added Pin To Net: NetName=NetLED2_2 Pin=LED2-2
Added Pin To Net: NetName=NetLED2_2 Pin=R3-2
Added Net: Name=NetLED2_2
Added Pin To Net: NetName=NRST Pin=C9-1
Added Pin To Net: NetName=NRST Pin=R1-1
Added Pin To Net: NetName=NRST Pin=S1-2
Added Pin To Net: NetName=NRST Pin=S1-2
Added Pin To Net: NetName=NRST Pin=U3-7
Added Net: Name=NRST
Added Pin To Net: NetName=OSC_IN Pin=C11-2
Added Pin To Net: NetName=OSC_IN Pin=U3-5
Added Pin To Net: NetName=OSC_IN Pin=X2-2
Added Net: Name=OSC_IN
Added Pin To Net: NetName=OSC_OUT Pin=C12-2
Added Pin To Net: NetName=OSC_OUT Pin=U3-6
Added Pin To Net: NetName=OSC_OUT Pin=X2-1
Added Net: Name=OSC_OUT
Added Pin To Net: NetName=PA2 Pin=J2-1
Added Pin To Net: NetName=PA2 Pin=U3-12
Added Net: Name=PA2
Added Pin To Net: NetName=PA3 Pin=J2-2
Added Pin To Net: NetName=PA3 Pin=U3-13
Added Net: Name=PA3
Added Pin To Net: NetName=PA4 Pin=U3-14
Added Pin To Net: NetName=PA4 Pin=U4-4
Added Net: Name=PA4
Added Pin To Net: NetName=PA5 Pin=U3-15
Added Pin To Net: NetName=PA5 Pin=U4-5
Added Net: Name=PA5
Added Pin To Net: NetName=PA6 Pin=U3-16
Added Pin To Net: NetName=PA6 Pin=U4-7
Added Net: Name=PA6
Added Pin To Net: NetName=PA7 Pin=U3-17
Added Pin To Net: NetName=PA7 Pin=U4-6
Added Net: Name=PA7
Added Pin To Net: NetName=PA8 Pin=U2-1
Added Pin To Net: NetName=PA8 Pin=U3-29
Added Net: Name=PA8
Added Pin To Net: NetName=PA9 Pin=U2-2
Added Pin To Net: NetName=PA9 Pin=U3-30
Added Net: Name=PA9
Added Pin To Net: NetName=PA10 Pin=U2-3
Added Pin To Net: NetName=PA10 Pin=U3-31
Added Net: Name=PA10
Added Pin To Net: NetName=PB0 Pin=U3-18
Added Pin To Net: NetName=PB0 Pin=U4-3
Added Net: Name=PB0
Added Pin To Net: NetName=PB1 Pin=U3-19
Added Pin To Net: NetName=PB1 Pin=U4-8
Added Net: Name=PB1
Added Pin To Net: NetName=PB6 Pin=U3-42
Added Pin To Net: NetName=PB6 Pin=U5-2
Added Net: Name=PB6
Added Pin To Net: NetName=PB7 Pin=U3-43
Added Pin To Net: NetName=PB7 Pin=U5-1
Added Net: Name=PB7
Added Pin To Net: NetName=PC13 Pin=R3-1
Added Pin To Net: NetName=PC13 Pin=U3-2
Added Net: Name=PC13
Added Pin To Net: NetName=PC14 Pin=C10-2
Added Pin To Net: NetName=PC14 Pin=U3-3
Added Pin To Net: NetName=PC14 Pin=X1-4
Added Net: Name=PC14
Added Pin To Net: NetName=PC15 Pin=C13-2
Added Pin To Net: NetName=PC15 Pin=U3-4
Added Pin To Net: NetName=PC15 Pin=X1-1
Added Net: Name=PC15
Added Pin To Net: NetName=SWCLK Pin=J1-2
Added Pin To Net: NetName=SWCLK Pin=U3-37
Added Net: Name=SWCLK
Added Pin To Net: NetName=SWDIO Pin=J1-3
Added Pin To Net: NetName=SWDIO Pin=U3-34
Added Net: Name=SWDIO
Added Pin To Net: NetName=VCC Pin=C3-1
Added Pin To Net: NetName=VCC Pin=C4-1
Added Pin To Net: NetName=VCC Pin=C5-1
Added Pin To Net: NetName=VCC Pin=C7-1
Added Pin To Net: NetName=VCC Pin=C8-1
Added Pin To Net: NetName=VCC Pin=J1-4
Added Pin To Net: NetName=VCC Pin=LED1-1
Added Pin To Net: NetName=VCC Pin=LED2-1
Added Pin To Net: NetName=VCC Pin=R1-2
Added Pin To Net: NetName=VCC Pin=U2-5
Added Pin To Net: NetName=VCC Pin=U3-9
Added Pin To Net: NetName=VCC Pin=U3-24
Added Pin To Net: NetName=VCC Pin=U3-36
Added Pin To Net: NetName=VCC Pin=U3-48
Added Pin To Net: NetName=VCC Pin=U4-2
Added Pin To Net: NetName=VCC Pin=U5-3
Added Net: Name=VCC
Added Class: Name=毕设原理图
Added Room: Name=毕设原理图
