Added Component: Designator=J1(PIN3)
Add component. Clean all parameters for all variants
Added Component: Designator=U1(OLED)
Add component. Clean all parameters for all variants
Added Component: Designator=U2(NRF24L01)
Add component. Clean all parameters for all variants
Added Component: Designator=U3(STM32F103C8T6)
Add component. Clean all parameters for all variants
Added Component: Designator=U4(GPS)
Add component. Clean all parameters for all variants
Added Pin To Net: NetName=CE Pin=U2-3
Added Pin To Net: NetName=CE Pin=U3-13
Added Net: Name=CE
Added Pin To Net: NetName=CLK Pin=U2-5
Added Pin To Net: NetName=CLK Pin=U3-10
Added Net: Name=CLK
Added Pin To Net: NetName=CS Pin=U2-4
Added Pin To Net: NetName=CS Pin=U3-9
Added Net: Name=CS
Added Pin To Net: NetName=GND Pin=J1-3
Added Pin To Net: NetName=GND Pin=U1-4
Added Pin To Net: NetName=GND Pin=U2-1
Added Pin To Net: NetName=GND Pin=U3-22
Added Pin To Net: NetName=GND Pin=U4-4
Added Net: Name=GND
Added Pin To Net: NetName=IRQ Pin=U2-8
Added Pin To Net: NetName=IRQ Pin=U3-14
Added Net: Name=IRQ
Added Pin To Net: NetName=MISO Pin=U2-7
Added Pin To Net: NetName=MISO Pin=U3-11
Added Net: Name=MISO
Added Pin To Net: NetName=MOSI Pin=U2-6
Added Pin To Net: NetName=MOSI Pin=U3-12
Added Net: Name=MOSI
Added Pin To Net: NetName=PPS Pin=U3-36
Added Pin To Net: NetName=PPS Pin=U4-1
Added Net: Name=PPS
Added Pin To Net: NetName=RX2 Pin=J1-1
Added Pin To Net: NetName=RX2 Pin=U3-7
Added Net: Name=RX2
Added Pin To Net: NetName=RX Pin=U3-35
Added Pin To Net: NetName=RX Pin=U4-2
Added Net: Name=RX
Added Pin To Net: NetName=SCL Pin=U1-2
Added Pin To Net: NetName=SCL Pin=U3-27
Added Net: Name=SCL
Added Pin To Net: NetName=SDA Pin=U1-1
Added Pin To Net: NetName=SDA Pin=U3-26
Added Net: Name=SDA
Added Pin To Net: NetName=TX2 Pin=J1-2
Added Pin To Net: NetName=TX2 Pin=U3-8
Added Net: Name=TX2
Added Pin To Net: NetName=TX Pin=U3-34
Added Pin To Net: NetName=TX Pin=U4-3
Added Net: Name=TX
Added Pin To Net: NetName=VCC Pin=U1-3
Added Pin To Net: NetName=VCC Pin=U2-2
Added Pin To Net: NetName=VCC Pin=U3-23
Added Pin To Net: NetName=VCC Pin=U4-5
Added Net: Name=VCC
Added Class: Name=±œ…Ë
Added Room: Name=±œ…Ë
